#
# A fatal error has been detected by the Java Runtime Environment:
#
#  EXCEPTION_ACCESS_VIOLATION (0xc0000005) at pc=0x00000000170607e0, pid=9280, tid=0x0000000000003114
#
# JRE version: Java(TM) SE Runtime Environment (8.0_181-b13) (build 1.8.0_181-b13)
# Java VM: Java HotSpot(TM) 64-Bit Server VM (25.181-b13 mixed mode windows-amd64 compressed oops)
# Problematic frame:
# C  0x00000000170607e0
#
# Failed to write core dump. Minidumps are not enabled by default on client versions of Windows
#
# If you would like to submit a bug report, please visit:
#   http://bugreport.java.com/bugreport/crash.jsp
#

---------------  T H R E A D  ---------------

Current thread (0x0000000017a0b000):  JavaThread "C2 CompilerThread0" daemon [_thread_in_vm, id=12564, stack(0x0000000019050000,0x0000000019150000)]

siginfo: ExceptionCode=0xc0000005, ExceptionInformation=0x0000000000000008 0x00000000170607e0

Registers:
RAX=0x0000000017a0b000, RBX=0x0000000100041588, RCX=0x0000000100041588, RDX=0x0000000100041588
RSP=0x000000001914de28, RBP=0x0000000017a3e2f0, RSI=0x0000000100041588, RDI=0x0000000000000000
R8 =0x0000000017060840, R9 =0x0000000000000068, R10=0x0000000017a3e520, R11=0x000000001a527fa0
R12=0x0000000017a0b000, R13=0x0000000017a3e2f0, R14=0x0000000017a0b820, R15=0x0000000017a0b8d0
RIP=0x00000000170607e0, EFLAGS=0x0000000000010202

Top of Stack: (sp=0x000000001914de28)
0x000000001914de28:   0000000072ef37ec 00000001000413c0
0x000000001914de38:   00000001000413c0 0000000017a3e2f0
0x000000001914de48:   0000000072f4d45d 000000001ad8a0c0
0x000000001914de58:   00000000730c76ff 0000000000000000
0x000000001914de68:   00000001000413c0 0000000000000069
0x000000001914de78:   0000000072ef3b79 0000000000000068
0x000000001914de88:   0000000017a3e2f0 0000000000000068
0x000000001914de98:   0000000017a0b940 00000000179f5d90
0x000000001914dea8:   0000000017a0b930 0000000000000001
0x000000001914deb8:   0000000072eef860 0000000017a0b940
0x000000001914dec8:   0000000100041588 0000000000000018
0x000000001914ded8:   0000000017a33870 0000000017a0b940
0x000000001914dee8:   0000000072ef07c1 0000000000000030
0x000000001914def8:   000000001a528c80 0000000017a0b930
0x000000001914df08:   00000000172b9158 0000000000000000
0x000000001914df18:   000000001914ec20 0000000017264801 

Instructions: (pc=0x00000000170607e0)
0x00000000170607c0:   d0 b4 21 03 00 00 00 00 20 70 00 03 00 00 00 00
0x00000000170607d0:   44 0d da 72 00 00 00 00 64 96 01 03 00 00 00 00
0x00000000170607e0:   00 00 00 00 00 00 00 80 f8 00 06 17 00 00 00 00
0x00000000170607f0:   00 00 00 00 00 00 00 00 0c 00 00 00 01 00 0c 00 


Register to memory mapping:

RAX=0x0000000017a0b000 is a thread
RBX=0x0000000100041588 is pointing into metadata
RCX=0x0000000100041588 is pointing into metadata
RDX=0x0000000100041588 is pointing into metadata
RSP=0x000000001914de28 is pointing into the stack for thread: 0x0000000017a0b000
RBP=0x0000000017a3e2f0 is an unknown value
RSI=0x0000000100041588 is pointing into metadata
RDI=0x0000000000000000 is an unknown value
R8 ={method} {0x0000000017060848} 'toString' '()Ljava/lang/String;' in 'java/lang/Object'
R9 =0x0000000000000068 is an unknown value
R10=0x0000000017a3e520 is an unknown value
R11=0x000000001a527fa0 is an unknown value
R12=0x0000000017a0b000 is a thread
R13=0x0000000017a3e2f0 is an unknown value
R14=0x0000000017a0b820 is an unknown value
R15=0x0000000017a0b8d0 is an unknown value


Stack: [0x0000000019050000,0x0000000019150000],  sp=0x000000001914de28,  free space=1015k
Native frames: (J=compiled Java code, j=interpreted, Vv=VM code, C=native code)
C  0x00000000170607e0


Current CompileTask:
C2:   1669  689   !   4       java.util.zip.ZipFile::getEntry (101 bytes)


---------------  P R O C E S S  ---------------

Java Threads: ( => current thread )
  0x0000000017a5e000 JavaThread "Service Thread" daemon [_thread_blocked, id=12996, stack(0x0000000019750000,0x0000000019850000)]
  0x0000000017a20000 JavaThread "C1 CompilerThread2" daemon [_thread_blocked, id=2724, stack(0x0000000019250000,0x0000000019350000)]
  0x0000000017a12000 JavaThread "C2 CompilerThread1" daemon [_thread_in_vm, id=12052, stack(0x0000000019150000,0x0000000019250000)]
=>0x0000000017a0b000 JavaThread "C2 CompilerThread0" daemon [_thread_in_vm, id=12564, stack(0x0000000019050000,0x0000000019150000)]
  0x0000000017a09800 JavaThread "Attach Listener" daemon [_thread_blocked, id=12544, stack(0x0000000018f50000,0x0000000019050000)]
  0x0000000017a08800 JavaThread "Signal Dispatcher" daemon [_thread_blocked, id=6148, stack(0x0000000018e50000,0x0000000018f50000)]
  0x0000000002fbe800 JavaThread "Finalizer" daemon [_thread_blocked, id=9780, stack(0x0000000018c50000,0x0000000018d50000)]
  0x00000000179e9000 JavaThread "Reference Handler" daemon [_thread_blocked, id=10508, stack(0x0000000018b50000,0x0000000018c50000)]
  0x0000000002ecb000 JavaThread "main" [_thread_blocked, id=11596, stack(0x0000000002dc0000,0x0000000002ec0000)]

Other Threads:
  0x00000000179c7800 VMThread [stack: 0x0000000018a50000,0x0000000018b50000] [id=8656]
  0x00000000193fb800 WatcherThread [stack: 0x0000000019850000,0x0000000019950000] [id=13028]

VM state:synchronizing (normal execution)

VM Mutex/Monitor currently owned by a thread:  ([mutex/lock_event])
[0x0000000002ec7bf0] Threads_lock - owner thread: 0x00000000179c7800
[0x0000000002ec9900] Compile_lock - owner thread: 0x0000000002ecb000

Heap:
 PSYoungGen      total 54784K, used 45685K [0x00000000d6700000, 0x00000000da400000, 0x0000000100000000)
  eden space 47104K, 96% used [0x00000000d6700000,0x00000000d939d640,0x00000000d9500000)
  from space 7680K, 0% used [0x00000000d9c80000,0x00000000d9c80000,0x00000000da400000)
  to   space 7680K, 0% used [0x00000000d9500000,0x00000000d9500000,0x00000000d9c80000)
 ParOldGen       total 125952K, used 0K [0x0000000083400000, 0x000000008af00000, 0x00000000d6700000)
  object space 125952K, 0% used [0x0000000083400000,0x0000000083400000,0x000000008af00000)
 Metaspace       used 8097K, capacity 8204K, committed 8448K, reserved 1056768K
  class space    used 901K, capacity 944K, committed 1024K, reserved 1048576K

Card table byte_map: [0x0000000012380000,0x0000000012770000] byte_map_base: 0x0000000011f66000

Marking Bits: (ParMarkBitMap*) 0x00000000736d2d00
 Begin Bits: [0x0000000012e10000, 0x0000000014d40000)
 End Bits:   [0x0000000014d40000, 0x0000000016c70000)

Polling page: 0x0000000000f20000

CodeCache: size=245760Kb used=3037Kb max_used=3037Kb free=242722Kb
 bounds [0x0000000002fc0000, 0x00000000032c0000, 0x0000000011fc0000]
 total_blobs=952 nmethods=683 adapters=182
 compilation: enabled

Compilation events (10 events):
Event: 1.573 Thread 0x0000000017a20000  682       3       java.lang.reflect.Executable::isVarArgs (17 bytes)
Event: 1.573 Thread 0x0000000017a12000  688       4       java.util.zip.ZipCoder::getBytes (192 bytes)
Event: 1.573 Thread 0x0000000017a20000 nmethod 682 0x00000000032b51d0 code [0x00000000032b5340, 0x00000000032b55a8]
Event: 1.573 Thread 0x0000000017a20000  683       1       java.beans.MethodDescriptor::getParamNames (5 bytes)
Event: 1.573 Thread 0x0000000017a20000 nmethod 683 0x00000000032b4f10 code [0x00000000032b5060, 0x00000000032b5170]
Event: 1.573 Thread 0x0000000017a20000  686       3       java.lang.reflect.Proxy::isProxyClass (25 bytes)
Event: 1.574 Thread 0x0000000017a20000 nmethod 686 0x00000000032b7ed0 code [0x00000000032b80e0, 0x00000000032b8ab8]
Event: 1.574 Thread 0x0000000017a20000  687       3       sun.reflect.misc.ReflectUtil::isNonPublicProxyClass (51 bytes)
Event: 1.575 Thread 0x0000000017a20000 nmethod 687 0x00000000032b8f50 code [0x00000000032b9180, 0x00000000032b9de8]
Event: 1.577 Thread 0x0000000017a0b000  689   !   4       java.util.zip.ZipFile::getEntry (101 bytes)

GC Heap History (0 events):
No events

Deoptimization events (10 events):
Event: 0.450 Thread 0x0000000002ecb000 Uncommon trap: reason=unstable_if action=reinterpret pc=0x00000000030c20f8 method=java.lang.String.hashCode()I @ 14
Event: 0.501 Thread 0x0000000002ecb000 Uncommon trap: reason=unstable_if action=reinterpret pc=0x0000000003151e84 method=java.lang.String.regionMatches(ZILjava/lang/String;II)Z @ 41
Event: 0.750 Thread 0x0000000002ecb000 Uncommon trap: reason=unstable_if action=reinterpret pc=0x0000000003153a00 method=java.lang.String.regionMatches(ZILjava/lang/String;II)Z @ 95
Event: 0.751 Thread 0x0000000002ecb000 Uncommon trap: reason=unstable_if action=reinterpret pc=0x000000000315d210 method=java.net.URLStreamHandler.sameFile(Ljava/net/URL;Ljava/net/URL;)Z @ 8
Event: 0.753 Thread 0x0000000002ecb000 Uncommon trap: reason=unstable_if action=reinterpret pc=0x0000000003160db8 method=java.net.URLStreamHandler.sameFile(Ljava/net/URL;Ljava/net/URL;)Z @ 8
Event: 0.755 Thread 0x0000000002ecb000 Uncommon trap: reason=unstable_if action=reinterpret pc=0x0000000003154948 method=java.net.URLStreamHandler.sameFile(Ljava/net/URL;Ljava/net/URL;)Z @ 8
Event: 1.019 Thread 0x0000000002ecb000 Uncommon trap: reason=unstable_if action=reinterpret pc=0x0000000003173a7c method=java.io.BufferedReader.readLine(Z)Ljava/lang/String; @ 160
Event: 1.033 Thread 0x0000000002ecb000 Uncommon trap: reason=unstable_if action=reinterpret pc=0x00000000031b2838 method=java.lang.String.indexOf([CII[CIII)I @ 134
Event: 1.297 Thread 0x0000000002ecb000 Uncommon trap: reason=unstable_if action=reinterpret pc=0x000000000321fe34 method=java.lang.String.indexOf([CII[CIII)I @ 3
Event: 1.528 Thread 0x0000000002ecb000 Uncommon trap: reason=unstable_if action=reinterpret pc=0x00000000031bfdb8 method=java.util.zip.ZipCoder.getBytes(Ljava/lang/String;)[B @ 32

Classes redefined (0 events):
No events

Internal exceptions (10 events):
Event: 1.547 Thread 0x0000000002ecb000 Exception <a 'java/lang/ArrayIndexOutOfBoundsException'> (0x00000000d90c1fd0) thrown at [C:\re\workspace\8-2-build-windows-amd64-cygwin\jdk8u181\11358\hotspot\src\share\vm\runtime\sharedRuntime.cpp, line 605]
Event: 1.548 Thread 0x0000000002ecb000 Exception <a 'java/lang/ArrayIndexOutOfBoundsException'> (0x00000000d90d32f8) thrown at [C:\re\workspace\8-2-build-windows-amd64-cygwin\jdk8u181\11358\hotspot\src\share\vm\runtime\sharedRuntime.cpp, line 605]
Event: 1.548 Thread 0x0000000002ecb000 Exception <a 'java/lang/ArrayIndexOutOfBoundsException'> (0x00000000d90d46a8) thrown at [C:\re\workspace\8-2-build-windows-amd64-cygwin\jdk8u181\11358\hotspot\src\share\vm\runtime\sharedRuntime.cpp, line 605]
Event: 1.548 Thread 0x0000000002ecb000 Exception <a 'java/lang/ArrayIndexOutOfBoundsException'> (0x00000000d90d9758) thrown at [C:\re\workspace\8-2-build-windows-amd64-cygwin\jdk8u181\11358\hotspot\src\share\vm\runtime\sharedRuntime.cpp, line 605]
Event: 1.559 Thread 0x0000000002ecb000 Exception <a 'java/lang/ClassNotFoundException': groovy/lang/BindingBeanInfo> (0x00000000d9199688) thrown at [C:\re\workspace\8-2-build-windows-amd64-cygwin\jdk8u181\11358\hotspot\src\share\vm\classfile\systemDictionary.cpp, line 210]
Event: 1.561 Thread 0x0000000002ecb000 Exception <a 'java/lang/ClassNotFoundException': groovy/lang/GroovyObjectSupportBeanInfo> (0x00000000d91c8228) thrown at [C:\re\workspace\8-2-build-windows-amd64-cygwin\jdk8u181\11358\hotspot\src\share\vm\classfile\systemDictionary.cpp, line 210]
Event: 1.562 Thread 0x0000000002ecb000 Exception <a 'java/lang/ClassNotFoundException': groovy/lang/GroovyObjectSupportCustomizer> (0x00000000d91f7cf8) thrown at [C:\re\workspace\8-2-build-windows-amd64-cygwin\jdk8u181\11358\hotspot\src\share\vm\classfile\systemDictionary.cpp, line 210]
Event: 1.564 Thread 0x0000000002ecb000 Exception <a 'java/lang/ClassNotFoundException': groovy/lang/BindingCustomizer> (0x00000000d9225580) thrown at [C:\re\workspace\8-2-build-windows-amd64-cygwin\jdk8u181\11358\hotspot\src\share\vm\classfile\systemDictionary.cpp, line 210]
Event: 1.570 Thread 0x0000000002ecb000 Exception <a 'java/lang/ClassNotFoundException': groovy/lang/GroovyShellBeanInfo> (0x00000000d928d8c8) thrown at [C:\re\workspace\8-2-build-windows-amd64-cygwin\jdk8u181\11358\hotspot\src\share\vm\classfile\systemDictionary.cpp, line 210]
Event: 1.571 Thread 0x0000000002ecb000 Exception <a 'java/lang/ClassNotFoundException': groovy/lang/GroovyShellCustomizer> (0x00000000d92b7f40) thrown at [C:\re\workspace\8-2-build-windows-amd64-cygwin\jdk8u181\11358\hotspot\src\share\vm\classfile\systemDictionary.cpp, line 210]

Events (10 events):
Event: 1.576 loading class groovy/lang/GroovyClassLoader$TimestampAdder done
Event: 1.577 loading class groovy/lang/GroovyClassLoader$1
Event: 1.577 loading class groovy/lang/GroovyClassLoader$1 done
Event: 1.577 loading class groovy/ui/GroovyMain$1DoSetContext
Event: 1.577 loading class groovy/ui/GroovyMain$1DoSetContext done
Event: 1.579 loading class groovy/util/CharsetToolkit
Event: 1.579 loading class groovy/util/CharsetToolkit done
Event: 1.580 loading class java/io/LineNumberReader
Event: 1.580 loading class java/io/LineNumberReader done
Event: 1.580 Executing VM operation: Deoptimize


Dynamic libraries:
0x00007ff6d62e0000 - 0x00007ff6d6317000 	E:\Katalon_Studio_Windows_64-6.1.1\jre\bin\javaw.exe
0x00007ffc1a770000 - 0x00007ffc1a95d000 	C:\Windows\SYSTEM32\ntdll.dll
0x00007ffc1a370000 - 0x00007ffc1a423000 	C:\Windows\System32\KERNEL32.DLL
0x00007ffc17430000 - 0x00007ffc176c3000 	C:\Windows\System32\KERNELBASE.dll
0x00007ffc19df0000 - 0x00007ffc19e93000 	C:\Windows\System32\ADVAPI32.dll
0x00007ffc19d20000 - 0x00007ffc19dbe000 	C:\Windows\System32\msvcrt.dll
0x00007ffc17c10000 - 0x00007ffc17cae000 	C:\Windows\System32\sechost.dll
0x00007ffc19b90000 - 0x00007ffc19cb2000 	C:\Windows\System32\RPCRT4.dll
0x00007ffc179a0000 - 0x00007ffc17b37000 	C:\Windows\System32\USER32.dll
0x00007ffc16ac0000 - 0x00007ffc16ae0000 	C:\Windows\System32\win32u.dll
0x00007ffc19ea0000 - 0x00007ffc19ec9000 	C:\Windows\System32\GDI32.dll
0x00007ffc17290000 - 0x00007ffc1742a000 	C:\Windows\System32\gdi32full.dll
0x00007ffc17900000 - 0x00007ffc179a0000 	C:\Windows\System32\msvcp_win.dll
0x00007ffc169c0000 - 0x00007ffc16aba000 	C:\Windows\System32\ucrtbase.dll
0x00007ffc01080000 - 0x00007ffc012f9000 	C:\Windows\WinSxS\amd64_microsoft.windows.common-controls_6595b64144ccf1df_6.0.17763.557_none_05b63f68071e5b9f\COMCTL32.dll
0x00007ffc1a040000 - 0x00007ffc1a36c000 	C:\Windows\System32\combase.dll
0x00007ffc16840000 - 0x00007ffc168be000 	C:\Windows\System32\bcryptPrimitives.dll
0x00007ffc19dc0000 - 0x00007ffc19dee000 	C:\Windows\System32\IMM32.DLL
0x0000000072b30000 - 0x0000000072c02000 	E:\Katalon_Studio_Windows_64-6.1.1\jre\bin\msvcr100.dll
0x0000000072eb0000 - 0x0000000073752000 	E:\Katalon_Studio_Windows_64-6.1.1\jre\bin\server\jvm.dll
0x00007ffc196a0000 - 0x00007ffc196a8000 	C:\Windows\System32\PSAPI.DLL
0x00007ffc0fe80000 - 0x00007ffc0fe89000 	C:\Windows\SYSTEM32\WSOCK32.dll
0x00007ffc1a430000 - 0x00007ffc1a49d000 	C:\Windows\System32\WS2_32.dll
0x00007ffc12670000 - 0x00007ffc12694000 	C:\Windows\SYSTEM32\WINMM.dll
0x00007ffc05890000 - 0x00007ffc0589a000 	C:\Windows\SYSTEM32\VERSION.dll
0x00007ffc12640000 - 0x00007ffc1266d000 	C:\Windows\SYSTEM32\WINMMBASE.dll
0x00007ffc168c0000 - 0x00007ffc1690a000 	C:\Windows\System32\cfgmgr32.dll
0x0000000072dc0000 - 0x0000000072dcf000 	E:\Katalon_Studio_Windows_64-6.1.1\jre\bin\verify.dll
0x0000000072d90000 - 0x0000000072db9000 	E:\Katalon_Studio_Windows_64-6.1.1\jre\bin\java.dll
0x0000000072d70000 - 0x0000000072d86000 	E:\Katalon_Studio_Windows_64-6.1.1\jre\bin\zip.dll
0x00007ffc17cc0000 - 0x00007ffc191b0000 	C:\Windows\System32\SHELL32.dll
0x00007ffc1a690000 - 0x00007ffc1a738000 	C:\Windows\System32\shcore.dll
0x00007ffc16ae0000 - 0x00007ffc1722a000 	C:\Windows\System32\windows.storage.dll
0x00007ffc16810000 - 0x00007ffc16834000 	C:\Windows\System32\profapi.dll
0x00007ffc16770000 - 0x00007ffc167cd000 	C:\Windows\System32\powrprof.dll
0x00007ffc19cc0000 - 0x00007ffc19d12000 	C:\Windows\System32\shlwapi.dll
0x00007ffc167d0000 - 0x00007ffc167e1000 	C:\Windows\System32\kernel.appcore.dll
0x00007ffc178e0000 - 0x00007ffc178f7000 	C:\Windows\System32\cryptsp.dll
0x00007ffc052d0000 - 0x00007ffc054bd000 	C:\Windows\SYSTEM32\dbghelp.dll

VM Arguments:
jvm_args: -Dgroovy.home=/E:/Katalon_Studio_Windows_64-6.1.1/plugins/org.codehaus.groovy_2.4.7.xx-201611170128-e46/ -Xmx1995m -Dfile.encoding=UTF-8 
java_command: org.codehaus.groovy.tools.GroovyStarter --classpath E:\AutomationArc\AutomationArc\Include\scripts\groovy;E:\AutomationArc\AutomationArc\Keywords;E:\AutomationArc\AutomationArc\Libs;E:\AutomationArc\AutomationArc\Test Listeners;E:\AutomationArc\AutomationArc\Drivers\activation-1.1.jar;E:\AutomationArc\AutomationArc\Drivers\allure-java-commons-2.7.0.jar;E:\AutomationArc\AutomationArc\Drivers\allure-junit-platform-2.7.0.jar;E:\AutomationArc\AutomationArc\Drivers\allure-junit4-2.12.0.jar;E:\AutomationArc\AutomationArc\Drivers\allure-junit5-2.7.0.jar;E:\AutomationArc\AutomationArc\Drivers\allure2-model-api-1.0.0.jar;E:\AutomationArc\AutomationArc\Drivers\allure2-model-jackson-1.0.0.jar;E:\AutomationArc\AutomationArc\Drivers\allure2-model-pojo-1.0.0.jar;E:\AutomationArc\AutomationArc\Drivers\aspectj-1.9.4.jar;E:\AutomationArc\AutomationArc\Drivers\calendar-plugin.jar;E:\AutomationArc\AutomationArc\Drivers\commons-codec-1.10.jar;E:\AutomationArc\AutomationArc\Drivers\commons-collections4-4.1.jar;E:\AutomationArc\AutomationArc\Drivers\commons-logging-1.2.jar;E:\AutomationArc\AutomationArc\Drivers\curvesapi-1.04.jar;E:\AutomationArc\AutomationArc\Drivers\fontbox-2.0.11.jar;E:\AutomationArc\AutomationArc\Drivers\javax.mail-1.6.0.jar;E:\AutomationArc\AutomationArc\Drivers\json-simple-1.1.1.jar;E:\AutomationArc\AutomationArc\Drivers\junit-4.12.jar;E:\AutomationArc\AutomationArc\Drivers\log4j-1.2.17.jar;E:\AutomationArc\AutomationArc\Drivers\maven-surefire-plugin-2.19.1.jar;E:\AutomationArc\AutomationArc\Drivers\mysql-connector-java-8.0.11.jar;E:\AutomationArc\AutomationArc\Drivers\org.apache.tika.jar;E:\AutomationArc\AutomationArc\Drivers\pdfbox-2.0.1.jar;E:\AutomationArc\AutomationArc\Drivers\pdfbox-2.0.11.jar;E:\AutomationArc\AutomationArc\Drivers\pdfbox-debugger-2.0.11.jar;E:\AutomationArc\AutomationArc\Drivers\pdfbox-tools-2.0.11.jar;E:\AutomationArc\AutomationArc\Drivers\poi-3.17.jar;E:\AutomationArc\AutomationArc\Drivers\poi-examples-3.17.jar;E:\Automatio
java_class_path (initial): E:\AutomationArc\AutomationArc\bin\keyword;E:\AutomationArc\AutomationArc\bin\listener;E:\AutomationArc\AutomationArc\bin\lib;E:\AutomationArc\AutomationArc\bin\groovy;E:\AutomationArc\AutomationArc\bin;E:\Katalon_Studio_Windows_64-6.1.1\plugins\com.kms.katalon.core_1.0.0.201904051842.jar;E:\Katalon_Studio_Windows_64-6.1.1\configuration\resources\lib\bcpkix-jdk15on-1.58.jar;E:\Katalon_Studio_Windows_64-6.1.1\configuration\resources\lib\bcprov-jdk15on-1.58.jar;E:\Katalon_Studio_Windows_64-6.1.1\configuration\resources\lib\browsermob-core-2.1.5.jar;E:\Katalon_Studio_Windows_64-6.1.1\configuration\resources\lib\dnsjava-2.1.8.jar;E:\Katalon_Studio_Windows_64-6.1.1\configuration\resources\lib\java-client-5.0.4.jar;E:\Katalon_Studio_Windows_64-6.1.1\configuration\resources\lib\jna-4.1.0.jar;E:\Katalon_Studio_Windows_64-6.1.1\configuration\resources\lib\jna-platform-4.1.0.jar;E:\Katalon_Studio_Windows_64-6.1.1\configuration\resources\lib\jzlib-1.1.3.jar;E:\Katalon_Studio_Windows_64-6.1.1\configuration\resources\lib\kat-server.jar;E:\Katalon_Studio_Windows_64-6.1.1\configuration\resources\lib\littleproxy-1.1.0-beta-bmp-17.jar;E:\Katalon_Studio_Windows_64-6.1.1\configuration\resources\lib\mitm-2.1.5.jar;E:\Katalon_Studio_Windows_64-6.1.1\configuration\resources\lib\netty-all-4.0.51.Final.jar;E:\Katalon_Studio_Windows_64-6.1.1\configuration\resources\lib\repackaged-guava-19.0.jar;E:\Katalon_Studio_Windows_64-6.1.1\configuration\resources\lib\repackaged-sikuli-api-1.0.2-standalone.jar;E:\Katalon_Studio_Windows_64-6.1.1\configuration\resources\lib\selenium-leg-rc-3.7.0.jar;E:\Katalon_Studio_Windows_64-6.1.1\configuration\resources\lib\selenium-server-standalone-3.7.1.jar;E:\Katalon_Studio_Windows_64-6.1.1\configuration\resources\lib\testng-6.11.jar;E:\Katalon_Studio_Windows_64-6.1.1\plugins\net.sf.supercsv.super-csv_2.1.0.jar;E:\Katalon_Studio_Windows_64-6.1.1\plugins\org.apache.poi_3.9.0.v201405241750.jar;E:\Katalon_Studio_Windows_64-6.1.1\plugins\
Launcher Type: SUN_STANDARD

Environment Variables:
PATH=E:/Katalon_Studio_Windows_64-6.1.1/jre/bin/server;E:/Katalon_Studio_Windows_64-6.1.1/jre/bin;E:/Katalon_Studio_Windows_64-6.1.1/jre/lib/amd64;C:\Program Files (x86)\Common Files\Oracle\Java\javapath;C:\Windows\system32;C:\Windows;C:\Windows\System32\Wbem;C:\Windows\System32\WindowsPowerShell\v1.0\;C:\Windows\System32\OpenSSH\;C:\Program Files\Git\cmd;C:\Users\Abhishekkumar.AzureAD\AppData\Local\Microsoft\WindowsApps;;E:\Katalon_Studio_Windows_64-6.1.1;
USERNAME=Abhishekkumar
OS=Windows_NT
PROCESSOR_IDENTIFIER=Intel64 Family 6 Model 78 Stepping 3, GenuineIntel



---------------  S Y S T E M  ---------------

OS: Windows 10.0 , 64 bit Build 17763 (10.0.17763.475)

CPU:total 4 (initial active 4) (2 cores per cpu, 2 threads per core) family 6 model 78 stepping 3, cmov, cx8, fxsr, mmx, sse, sse2, sse3, ssse3, sse4.1, sse4.2, popcnt, avx, avx2, aes, clmul, erms, 3dnowpref, lzcnt, ht, tsc, tscinvbit, bmi1, bmi2, adx

Memory: 4k page, physical 11984568k(4581800k free), swap 14474936k(5304000k free)

vm_info: Java HotSpot(TM) 64-Bit Server VM (25.181-b13) for windows-amd64 JRE (1.8.0_181-b13), built on Jul  7 2018 04:01:33 by "java_re" with MS VC++ 10.0 (VS2010)

time: Thu Jun 27 17:22:57 2019
elapsed time: 1 seconds (0d 0h 0m 1s)

