#
# A fatal error has been detected by the Java Runtime Environment:
#
#  EXCEPTION_ACCESS_VIOLATION (0xc0000005) at pc=0x6d941787, pid=3360, tid=0x00001d98
#
# JRE version: Java(TM) SE Runtime Environment (8.0_181-b13) (build 1.8.0_181-b13)
# Java VM: Java HotSpot(TM) Client VM (25.181-b13 mixed mode windows-x86 )
# Problematic frame:
# V  [jvm.dll+0xc1787]
#
# Failed to write core dump. Minidumps are not enabled by default on client versions of Windows
#
# If you would like to submit a bug report, please visit:
#   http://bugreport.java.com/bugreport/crash.jsp
#

---------------  T H R E A D  ---------------

Current thread (0x02cce000):  VMThread [stack: 0x04ed0000,0x04f20000] [id=7576]

siginfo: ExceptionCode=0xc0000005, reading address 0x00817062

Registers:
EAX=0x00817002, EBX=0x1f605ef8, ECX=0x00000002, EDX=0x00817002
ESP=0x04f1f444, EBP=0x04f1f464, ESI=0x1f605efc, EDI=0x1ecb2500
EIP=0x6d941787, EFLAGS=0x00010293

Top of Stack: (sp=0x04f1f444)
0x04f1f444:   548da000 00000000 6dbef7dc 52ab0b38
0x04f1f454:   1f605efc 00000003 00000000 52ab0b30
0x04f1f464:   04f1f484 6da382e1 1f605ee8 548da000
0x04f1f474:   6dbef7dc 00000000 ffffffee 6dbef7dc
0x04f1f484:   04f1f490 6da384dc 548da004 04f1f678
0x04f1f494:   6d9fc0d3 548da004 00000002 548da000
0x04f1f4a4:   00000000 00000000 04f1f6fc 04f1f4cc
0x04f1f4b4:   00000012 0000001d 6db5b3f4 04f1f6f0 

Instructions: (pc=0x6d941787)
0x6d941767:   80 3d d4 e5 bd 6d 00 75 0a 8b d0 80 e2 07 80 fa
0x6d941777:   01 eb 1b 8b c8 83 e1 07 83 f9 05 74 24 8b 57 04
0x6d941787:   8b 52 60 83 e2 07 80 fa 05 74 0c 83 f9 01 75 07
0x6d941797:   a9 80 ff ff ff 74 0a 50 57 e8 1b 68 0f 00 83 c4 


Register to memory mapping:

EAX=0x00817002 is an unknown value
EBX=0x1f605ef8 is pointing into object: 0x1f605ee8
java.util.ArrayList 
 - klass: 'java/util/ArrayList'
ECX=0x00000002 is an unknown value
EDX=0x00817002 is an unknown value
ESP=0x04f1f444 is an unknown value
EBP=0x04f1f464 is an unknown value
ESI=0x1f605efc is pointing into object: 0x1f605ee8
java.util.ArrayList 
 - klass: 'java/util/ArrayList'
EDI=0x1ecb2500 is pointing into object: 0x1ecb2108
[I 
 - klass: {type array int}
 - length: 256


Stack: [0x04ed0000,0x04f20000],  sp=0x04f1f444,  free space=317k
Native frames: (J=compiled Java code, j=interpreted, Vv=VM code, C=native code)
V  [jvm.dll+0xc1787]
V  [jvm.dll+0x1b82e1]
V  [jvm.dll+0x1b84dc]
V  [jvm.dll+0x17c0d3]
V  [jvm.dll+0x17abfa]
V  [jvm.dll+0x99970]
V  [jvm.dll+0x9ac61]
V  [jvm.dll+0x9c9a0]
V  [jvm.dll+0x9ce09]
V  [jvm.dll+0x9bc2f]
V  [jvm.dll+0xa7f42]
V  [jvm.dll+0x9a833]
V  [jvm.dll+0x947f5]
V  [jvm.dll+0x1bb716]
V  [jvm.dll+0x184b5b]
V  [jvm.dll+0x183f71]
V  [jvm.dll+0x184387]
V  [jvm.dll+0x184582]
V  [jvm.dll+0x1c5416]
C  [msvcr100.dll+0x5c556]
C  [msvcr100.dll+0x5c600]
C  [KERNEL32.DLL+0x16359]
C  [ntdll.dll+0x67a94]
C  [ntdll.dll+0x67a64]

VM_Operation (0x02bce048): GenCollectForAllocation, mode: safepoint, requested by thread 0x02bd7000


---------------  P R O C E S S  ---------------

Java Threads: ( => current thread )
  0x548da000 JavaThread "Java2D Disposer" daemon [_thread_blocked, id=8712, stack(0x56000000,0x56050000)]
  0x52ec8800 JavaThread "Service Thread" daemon [_thread_blocked, id=916, stack(0x533b0000,0x53400000)]
  0x52ea7c00 JavaThread "C1 CompilerThread0" daemon [_thread_blocked, id=1300, stack(0x53320000,0x53370000)]
  0x52ea6c00 JavaThread "Attach Listener" daemon [_thread_blocked, id=1700, stack(0x53290000,0x532e0000)]
  0x52ea4c00 JavaThread "Signal Dispatcher" daemon [_thread_blocked, id=7660, stack(0x53200000,0x53250000)]
  0x52e94000 JavaThread "Finalizer" daemon [_thread_blocked, id=3140, stack(0x53070000,0x530c0000)]
  0x52e8d800 JavaThread "Reference Handler" daemon [_thread_blocked, id=4560, stack(0x04f60000,0x04fb0000)]
  0x02bd7000 JavaThread "main" [_thread_blocked, id=9336, stack(0x02b80000,0x02bd0000)]

Other Threads:
=>0x02cce000 VMThread [stack: 0x04ed0000,0x04f20000] [id=7576]
  0x52f06400 WatcherThread [stack: 0x53440000,0x53490000] [id=8020]

VM state:at safepoint (normal execution)

VM Mutex/Monitor currently owned by a thread:  ([mutex/lock_event])
[0x02bd5ee8] Threads_lock - owner thread: 0x02cce000
[0x02bd6228] Heap_lock - owner thread: 0x02bd7000

Heap:
 def new generation   total 23616K, used 2352K [0x05000000, 0x069a0000, 0x1eca0000)
  eden space 20992K,   0% used [0x05000000, 0x05000000, 0x06480000)
  from space 2624K,  89% used [0x06480000, 0x066cc210, 0x06710000)
  to   space 2624K,   0% used [0x06710000, 0x06710000, 0x069a0000)
 tenured generation   total 54264K, used 54208K [0x1eca0000, 0x2219e000, 0x52600000)
   the space 54264K,  99% used [0x1eca0000, 0x22190218, 0x22190400, 0x2219e000)
 Metaspace       used 18806K, capacity 19162K, committed 19200K, reserved 19840K

Card table byte_map: [0x52600000,0x52870000] byte_map_base: 0x525d8000

Polling page: 0x01020000

CodeCache: size=32768Kb used=5015Kb max_used=5015Kb free=27752Kb
 bounds [0x02e10000, 0x032f8000, 0x04e10000]
 total_blobs=2592 nmethods=2136 adapters=384
 compilation: enabled

Compilation events (10 events):
Event: 8.524 Thread 0x52ea7c00 2171             java.util.regex.Matcher::group (112 bytes)
Event: 8.525 Thread 0x52ea7c00 nmethod 2171 0x032f2a48 code [0x032f2bc0, 0x032f2f64]
Event: 8.541 Thread 0x52ea7c00 2172             java.util.ComparableTimSort::mergeHi (729 bytes)
Event: 8.544 Thread 0x52ea7c00 nmethod 2172 0x032f3288 code [0x032f34c0, 0x032f4860]
Event: 8.544 Thread 0x52ea7c00 2173             org.codehaus.groovy.reflection.CachedClass::getSuperClassDistance (41 bytes)
Event: 8.544 Thread 0x52ea7c00 nmethod 2173 0x032f5548 code [0x032f5650, 0x032f572c]
Event: 8.617 Thread 0x52ea7c00 2174             java.util.regex.Pattern$BnM::match (161 bytes)
Event: 8.618 Thread 0x52ea7c00 nmethod 2174 0x032f57c8 code [0x032f5900, 0x032f5b48]
Event: 8.650 Thread 0x52ea7c00 2175             java.util.regex.Pattern$BnM::optimize (179 bytes)
Event: 8.650 Thread 0x52ea7c00 nmethod 2175 0x032f5e88 code [0x032f5fd0, 0x032f644c]

GC Heap History (10 events):
Event: 6.706 GC heap after
Heap after GC invocations=71 (full 4):
 def new generation   total 23616K, used 2624K [0x05000000, 0x069a0000, 0x1eca0000)
  eden space 20992K,   0% used [0x05000000, 0x05000000, 0x06480000)
  from space 2624K, 100% used [0x06710000, 0x069a0000, 0x069a0000)
  to   space 2624K,   0% used [0x06480000, 0x06480000, 0x06710000)
 tenured generation   total 52472K, used 35104K [0x1eca0000, 0x21fde000, 0x52600000)
   the space 52472K,  66% used [0x1eca0000, 0x20ee8038, 0x20ee8200, 0x21fde000)
 Metaspace       used 16899K, capacity 17209K, committed 17280K, reserved 17792K
}
Event: 6.913 GC heap before
{Heap before GC invocations=71 (full 4):
 def new generation   total 23616K, used 23616K [0x05000000, 0x069a0000, 0x1eca0000)
  eden space 20992K, 100% used [0x05000000, 0x06480000, 0x06480000)
  from space 2624K, 100% used [0x06710000, 0x069a0000, 0x069a0000)
  to   space 2624K,   0% used [0x06480000, 0x06480000, 0x06710000)
 tenured generation   total 52472K, used 35104K [0x1eca0000, 0x21fde000, 0x52600000)
   the space 52472K,  66% used [0x1eca0000, 0x20ee8038, 0x20ee8200, 0x21fde000)
 Metaspace       used 16955K, capacity 17285K, committed 17408K, reserved 17792K
Event: 6.931 GC heap after
Heap after GC invocations=72 (full 4):
 def new generation   total 23616K, used 2624K [0x05000000, 0x069a0000, 0x1eca0000)
  eden space 20992K,   0% used [0x05000000, 0x05000000, 0x06480000)
  from space 2624K, 100% used [0x06480000, 0x06710000, 0x06710000)
  to   space 2624K,   0% used [0x06710000, 0x06710000, 0x069a0000)
 tenured generation   total 52472K, used 38079K [0x1eca0000, 0x21fde000, 0x52600000)
   the space 52472K,  72% used [0x1eca0000, 0x211cfe68, 0x211d0000, 0x21fde000)
 Metaspace       used 16955K, capacity 17285K, committed 17408K, reserved 17792K
}
Event: 7.236 GC heap before
{Heap before GC invocations=72 (full 4):
 def new generation   total 23616K, used 23616K [0x05000000, 0x069a0000, 0x1eca0000)
  eden space 20992K, 100% used [0x05000000, 0x06480000, 0x06480000)
  from space 2624K, 100% used [0x06480000, 0x06710000, 0x06710000)
  to   space 2624K,   0% used [0x06710000, 0x06710000, 0x069a0000)
 tenured generation   total 52472K, used 38079K [0x1eca0000, 0x21fde000, 0x52600000)
   the space 52472K,  72% used [0x1eca0000, 0x211cfe68, 0x211d0000, 0x21fde000)
 Metaspace       used 17092K, capacity 17427K, committed 17536K, reserved 17792K
Event: 7.263 GC heap after
Heap after GC invocations=73 (full 4):
 def new generation   total 23616K, used 2624K [0x05000000, 0x069a0000, 0x1eca0000)
  eden space 20992K,   0% used [0x05000000, 0x05000000, 0x06480000)
  from space 2624K, 100% used [0x06710000, 0x069a0000, 0x069a0000)
  to   space 2624K,   0% used [0x06480000, 0x06480000, 0x06710000)
 tenured generation   total 52472K, used 43287K [0x1eca0000, 0x21fde000, 0x52600000)
   the space 52472K,  82% used [0x1eca0000, 0x216e5de0, 0x216e5e00, 0x21fde000)
 Metaspace       used 17092K, capacity 17427K, committed 17536K, reserved 17792K
}
Event: 7.382 GC heap before
{Heap before GC invocations=73 (full 4):
 def new generation   total 23616K, used 23616K [0x05000000, 0x069a0000, 0x1eca0000)
  eden space 20992K, 100% used [0x05000000, 0x06480000, 0x06480000)
  from space 2624K, 100% used [0x06710000, 0x069a0000, 0x069a0000)
  to   space 2624K,   0% used [0x06480000, 0x06480000, 0x06710000)
 tenured generation   total 52472K, used 43287K [0x1eca0000, 0x21fde000, 0x52600000)
   the space 52472K,  82% used [0x1eca0000, 0x216e5de0, 0x216e5e00, 0x21fde000)
 Metaspace       used 17092K, capacity 17427K, committed 17536K, reserved 17792K
Event: 7.394 GC heap after
Heap after GC invocations=74 (full 4):
 def new generation   total 23616K, used 1145K [0x05000000, 0x069a0000, 0x1eca0000)
  eden space 20992K,   0% used [0x05000000, 0x05000000, 0x06480000)
  from space 2624K,  43% used [0x06480000, 0x0659e7b8, 0x06710000)
  to   space 2624K,   0% used [0x06710000, 0x06710000, 0x069a0000)
 tenured generation   total 52472K, used 45906K [0x1eca0000, 0x21fde000, 0x52600000)
   the space 52472K,  87% used [0x1eca0000, 0x21974aa8, 0x21974c00, 0x21fde000)
 Metaspace       used 17092K, capacity 17427K, committed 17536K, reserved 17792K
}
Event: 8.295 GC heap before
{Heap before GC invocations=74 (full 4):
 def new generation   total 23616K, used 22137K [0x05000000, 0x069a0000, 0x1eca0000)
  eden space 20992K, 100% used [0x05000000, 0x06480000, 0x06480000)
  from space 2624K,  43% used [0x06480000, 0x0659e7b8, 0x06710000)
  to   space 2624K,   0% used [0x06710000, 0x06710000, 0x069a0000)
 tenured generation   total 52472K, used 45906K [0x1eca0000, 0x21fde000, 0x52600000)
   the space 52472K,  87% used [0x1eca0000, 0x21974aa8, 0x21974c00, 0x21fde000)
 Metaspace       used 18139K, capacity 18486K, committed 18560K, reserved 18816K
Event: 8.322 GC heap after
Heap after GC invocations=75 (full 4):
 def new generation   total 23616K, used 2624K [0x05000000, 0x069a0000, 0x1eca0000)
  eden space 20992K,   0% used [0x05000000, 0x05000000, 0x06480000)
  from space 2624K, 100% used [0x06710000, 0x069a0000, 0x069a0000)
  to   space 2624K,   0% used [0x06480000, 0x06480000, 0x06710000)
 tenured generation   total 52472K, used 51660K [0x1eca0000, 0x21fde000, 0x52600000)
   the space 52472K,  98% used [0x1eca0000, 0x21f133d0, 0x21f13400, 0x21fde000)
 Metaspace       used 18139K, capacity 18486K, committed 18560K, reserved 18816K
}
Event: 8.732 GC heap before
{Heap before GC invocations=75 (full 4):
 def new generation   total 23616K, used 23616K [0x05000000, 0x069a0000, 0x1eca0000)
  eden space 20992K, 100% used [0x05000000, 0x06480000, 0x06480000)
  from space 2624K, 100% used [0x06710000, 0x069a0000, 0x069a0000)
  to   space 2624K,   0% used [0x06480000, 0x06480000, 0x06710000)
 tenured generation   total 52472K, used 51660K [0x1eca0000, 0x21fde000, 0x52600000)
   the space 52472K,  98% used [0x1eca0000, 0x21f133d0, 0x21f13400, 0x21fde000)
 Metaspace       used 18806K, capacity 19162K, committed 19200K, reserved 19840K

Deoptimization events (0 events):
No events

Classes redefined (0 events):
No events

Internal exceptions (10 events):
Event: 7.659 Thread 0x02bd7000 Exception <a 'java/lang/ClassNotFoundException': java/io/FilterOutputStreamCustomizer> (0x05ec3d28) thrown at [C:\workspace\8-2-build-windows-i586-cygwin\jdk8u181\11358\hotspot\src\share\vm\classfile\systemDictionary.cpp, line 210]
Event: 7.660 Thread 0x02bd7000 Exception <a 'java/lang/ClassNotFoundException': java/io/PrintStreamCustomizer> (0x05ee2560) thrown at [C:\workspace\8-2-build-windows-i586-cygwin\jdk8u181\11358\hotspot\src\share\vm\classfile\systemDictionary.cpp, line 210]
Event: 8.015 Thread 0x02bd7000 Exception <a 'java/io/FileNotFoundException'> (0x05ff85b8) thrown at [C:\workspace\8-2-build-windows-i586-cygwin\jdk8u181\11358\hotspot\src\share\vm\prims\jni.cpp, line 709]
Event: 8.228 Thread 0x02bd7000 Exception <a 'java/lang/ClassNotFoundException': java/io/FileOutputStreamBeanInfo> (0x06209bb8) thrown at [C:\workspace\8-2-build-windows-i586-cygwin\jdk8u181\11358\hotspot\src\share\vm\classfile\systemDictionary.cpp, line 210]
Event: 8.228 Thread 0x02bd7000 Exception <a 'java/lang/ClassNotFoundException': java/io/FileOutputStreamCustomizer> (0x06225e68) thrown at [C:\workspace\8-2-build-windows-i586-cygwin\jdk8u181\11358\hotspot\src\share\vm\classfile\systemDictionary.cpp, line 210]
Event: 8.545 Thread 0x02bd7000 Exception <a 'java/lang/ClassNotFoundException': com/kms/katalon/core/webui/keyword/WebUiBuiltInKeywordsBeanInfo> (0x057ef5b0) thrown at [C:\workspace\8-2-build-windows-i586-cygwin\jdk8u181\11358\hotspot\src\share\vm\classfile\systemDictionary.cpp, line 2
Event: 8.546 Thread 0x02bd7000 Exception <a 'java/lang/ClassNotFoundException': com/kms/katalon/core/keyword/BuiltinKeywordsBeanInfo> (0x05825268) thrown at [C:\workspace\8-2-build-windows-i586-cygwin\jdk8u181\11358\hotspot\src\share\vm\classfile\systemDictionary.cpp, line 210]
Event: 8.547 Thread 0x02bd7000 Exception <a 'java/lang/ClassNotFoundException': com/kms/katalon/core/keyword/BuiltinKeywordsCustomizer> (0x0585c2d0) thrown at [C:\workspace\8-2-build-windows-i586-cygwin\jdk8u181\11358\hotspot\src\share\vm\classfile\systemDictionary.cpp, line 210]
Event: 8.549 Thread 0x02bd7000 Exception <a 'java/lang/ClassNotFoundException': com/kms/katalon/core/webui/keyword/WebUiBuiltInKeywordsCustomizer> (0x058b16c0) thrown at [C:\workspace\8-2-build-windows-i586-cygwin\jdk8u181\11358\hotspot\src\share\vm\classfile\systemDictionary.cpp, line
Event: 8.551 Thread 0x02bd7000 Exception <a 'java/lang/ArrayIndexOutOfBoundsException'> (0x059248f0) thrown at [C:\workspace\8-2-build-windows-i586-cygwin\jdk8u181\11358\hotspot\src\share\vm\runtime\sharedRuntime.cpp, line 605]

Events (10 events):
Event: 8.729 loading class com/kms/katalon/core/webui/keyword/builtin/GetPageHeightKeyword done
Event: 8.730 loading class com/kms/katalon/core/webui/keyword/builtin/OpenBrowserKeyword
Event: 8.730 loading class com/kms/katalon/core/webui/keyword/builtin/OpenBrowserKeyword done
Event: 8.730 loading class com/kms/katalon/core/webui/keyword/builtin/RemoveObjectPropertyKeyword
Event: 8.730 loading class com/kms/katalon/core/webui/keyword/builtin/RemoveObjectPropertyKeyword done
Event: 8.731 loading class com/kms/katalon/core/webui/keyword/builtin/VerifyOptionNotPresentByLabelKeyword
Event: 8.731 loading class com/kms/katalon/core/webui/keyword/builtin/VerifyOptionNotPresentByLabelKeyword done
Event: 8.731 loading class com/kms/katalon/core/webui/keyword/builtin/VerifyElementNotHasAttributeKeyword$_verifyElementNotHasAttribute_closure1
Event: 8.731 loading class com/kms/katalon/core/webui/keyword/builtin/VerifyElementNotHasAttributeKeyword$_verifyElementNotHasAttribute_closure1 done
Event: 8.732 Executing VM operation: GenCollectForAllocation


Dynamic libraries:
0x00b70000 - 0x00ba3000 	E:\Katalon_Studio_Windows_32-6.1.1\jre\bin\javaw.exe
0x77870000 - 0x77a0a000 	C:\WINDOWS\SYSTEM32\ntdll.dll
0x75060000 - 0x75140000 	C:\WINDOWS\System32\KERNEL32.DLL
0x75850000 - 0x75a4c000 	C:\WINDOWS\System32\KERNELBASE.dll
0x76930000 - 0x769a9000 	C:\WINDOWS\System32\ADVAPI32.dll
0x762a0000 - 0x7635f000 	C:\WINDOWS\System32\msvcrt.dll
0x75200000 - 0x75276000 	C:\WINDOWS\System32\sechost.dll
0x75280000 - 0x7533b000 	C:\WINDOWS\System32\RPCRT4.dll
0x75040000 - 0x75060000 	C:\WINDOWS\System32\SspiCli.dll
0x75030000 - 0x7503a000 	C:\WINDOWS\System32\CRYPTBASE.dll
0x76200000 - 0x7625f000 	C:\WINDOWS\System32\bcryptPrimitives.dll
0x77570000 - 0x77705000 	C:\WINDOWS\System32\USER32.dll
0x754e0000 - 0x754f7000 	C:\WINDOWS\System32\win32u.dll
0x751d0000 - 0x751f1000 	C:\WINDOWS\System32\GDI32.dll
0x77300000 - 0x7745a000 	C:\WINDOWS\System32\gdi32full.dll
0x75590000 - 0x7560c000 	C:\WINDOWS\System32\msvcp_win.dll
0x769c0000 - 0x76adf000 	C:\WINDOWS\System32\ucrtbase.dll
0x6f300000 - 0x6f50f000 	C:\WINDOWS\WinSxS\x86_microsoft.windows.common-controls_6595b64144ccf1df_6.0.18362.175_none_2e70e1f6278c3dcf\COMCTL32.dll
0x76b30000 - 0x76da6000 	C:\WINDOWS\System32\combase.dll
0x75820000 - 0x75845000 	C:\WINDOWS\System32\IMM32.DLL
0x6c000000 - 0x6c0bf000 	E:\Katalon_Studio_Windows_32-6.1.1\jre\bin\msvcr100.dll
0x6d880000 - 0x6dc53000 	E:\Katalon_Studio_Windows_32-6.1.1\jre\bin\client\jvm.dll
0x77850000 - 0x77856000 	C:\WINDOWS\System32\PSAPI.DLL
0x6f060000 - 0x6f084000 	C:\WINDOWS\SYSTEM32\WINMM.dll
0x6f650000 - 0x6f658000 	C:\WINDOWS\SYSTEM32\WSOCK32.dll
0x75630000 - 0x7568e000 	C:\WINDOWS\System32\WS2_32.dll
0x74ec0000 - 0x74ec8000 	C:\WINDOWS\SYSTEM32\VERSION.dll
0x6efa0000 - 0x6efc3000 	C:\WINDOWS\SYSTEM32\WINMMBASE.dll
0x76260000 - 0x7629b000 	C:\WINDOWS\System32\cfgmgr32.dll
0x6f5b0000 - 0x6f5bc000 	E:\Katalon_Studio_Windows_32-6.1.1\jre\bin\verify.dll
0x6d790000 - 0x6d7b2000 	E:\Katalon_Studio_Windows_32-6.1.1\jre\bin\java.dll
0x6f590000 - 0x6f5a4000 	E:\Katalon_Studio_Windows_32-6.1.1\jre\bin\zip.dll
0x75a50000 - 0x75fc4000 	C:\WINDOWS\System32\SHELL32.dll
0x75500000 - 0x75584000 	C:\WINDOWS\System32\shcore.dll
0x76360000 - 0x76921000 	C:\WINDOWS\System32\windows.storage.dll
0x76b10000 - 0x76b27000 	C:\WINDOWS\System32\profapi.dll
0x75390000 - 0x753d3000 	C:\WINDOWS\System32\powrprof.dll
0x760f0000 - 0x760fd000 	C:\WINDOWS\System32\UMPDC.dll
0x75340000 - 0x75384000 	C:\WINDOWS\System32\shlwapi.dll
0x76b00000 - 0x76b0f000 	C:\WINDOWS\System32\kernel.appcore.dll
0x75800000 - 0x75813000 	C:\WINDOWS\System32\cryptsp.dll
0x6d770000 - 0x6d785000 	E:\Katalon_Studio_Windows_32-6.1.1\jre\bin\net.dll
0x74be0000 - 0x74c32000 	C:\WINDOWS\system32\mswsock.dll
0x6efd0000 - 0x6efdf000 	E:\Katalon_Studio_Windows_32-6.1.1\jre\bin\nio.dll
0x6beb0000 - 0x6bff7000 	E:\Katalon_Studio_Windows_32-6.1.1\jre\bin\awt.dll
0x76160000 - 0x761f2000 	C:\WINDOWS\System32\OLEAUT32.dll
0x6f7f0000 - 0x6f88f000 	C:\WINDOWS\SYSTEM32\apphelp.dll
0x6cb20000 - 0x6cb59000 	E:\Katalon_Studio_Windows_32-6.1.1\jre\bin\fontmanager.dll
0x6cae0000 - 0x6cb12000 	E:\Katalon_Studio_Windows_32-6.1.1\jre\bin\t2k.dll
0x6ec50000 - 0x6eddf000 	C:\WINDOWS\SYSTEM32\dbghelp.dll

VM Arguments:
jvm_args: -Dgroovy.home=/E:/Katalon_Studio_Windows_32-6.1.1/plugins/org.codehaus.groovy_2.4.7.xx-201611170128-e46/ -Xmx1237m -Dfile.encoding=UTF-8 
java_command: org.codehaus.groovy.tools.GroovyStarter --classpath E:\AutomationArc\AutomationArc\Include\scripts\groovy;E:\AutomationArc\AutomationArc\Keywords;E:\AutomationArc\AutomationArc\Libs;E:\AutomationArc\AutomationArc\Test Listeners;E:\AutomationArc\AutomationArc\Drivers\activation-1.1.jar;E:\AutomationArc\AutomationArc\Drivers\allure-java-commons-2.7.0.jar;E:\AutomationArc\AutomationArc\Drivers\allure-junit-platform-2.7.0.jar;E:\AutomationArc\AutomationArc\Drivers\allure-junit4-2.12.0.jar;E:\AutomationArc\AutomationArc\Drivers\allure-junit5-2.7.0.jar;E:\AutomationArc\AutomationArc\Drivers\allure2-model-api-1.0.0.jar;E:\AutomationArc\AutomationArc\Drivers\allure2-model-jackson-1.0.0.jar;E:\AutomationArc\AutomationArc\Drivers\allure2-model-pojo-1.0.0.jar;E:\AutomationArc\AutomationArc\Drivers\aspectj-1.9.4.jar;E:\AutomationArc\AutomationArc\Drivers\calendar-plugin.jar;E:\AutomationArc\AutomationArc\Drivers\commons-codec-1.10.jar;E:\AutomationArc\AutomationArc\Drivers\commons-collections4-4.1.jar;E:\AutomationArc\AutomationArc\Drivers\commons-logging-1.2.jar;E:\AutomationArc\AutomationArc\Drivers\curvesapi-1.04.jar;E:\AutomationArc\AutomationArc\Drivers\fontbox-2.0.11.jar;E:\AutomationArc\AutomationArc\Drivers\javax.mail-1.6.0.jar;E:\AutomationArc\AutomationArc\Drivers\json-simple-1.1.1.jar;E:\AutomationArc\AutomationArc\Drivers\junit-4.12.jar;E:\AutomationArc\AutomationArc\Drivers\log4j-1.2.17.jar;E:\AutomationArc\AutomationArc\Drivers\maven-surefire-plugin-2.19.1.jar;E:\AutomationArc\AutomationArc\Drivers\mysql-connector-java-8.0.11.jar;E:\AutomationArc\AutomationArc\Drivers\org.apache.tika.jar;E:\AutomationArc\AutomationArc\Drivers\pdfbox-2.0.1.jar;E:\AutomationArc\AutomationArc\Drivers\pdfbox-2.0.11.jar;E:\AutomationArc\AutomationArc\Drivers\pdfbox-debugger-2.0.11.jar;E:\AutomationArc\AutomationArc\Drivers\pdfbox-tools-2.0.11.jar;E:\AutomationArc\AutomationArc\Drivers\poi-3.17.jar;E:\AutomationArc\AutomationArc\Drivers\poi-examples-3.17.jar;E:\Automatio
java_class_path (initial): E:\AutomationArc\AutomationArc\bin\keyword;E:\AutomationArc\AutomationArc\bin\listener;E:\AutomationArc\AutomationArc\bin\lib;E:\AutomationArc\AutomationArc\bin\groovy;E:\AutomationArc\AutomationArc\bin;E:\Katalon_Studio_Windows_32-6.1.1\plugins\com.kms.katalon.core_1.0.0.201904051842.jar;E:\Katalon_Studio_Windows_32-6.1.1\configuration\resources\lib\bcpkix-jdk15on-1.58.jar;E:\Katalon_Studio_Windows_32-6.1.1\configuration\resources\lib\bcprov-jdk15on-1.58.jar;E:\Katalon_Studio_Windows_32-6.1.1\configuration\resources\lib\browsermob-core-2.1.5.jar;E:\Katalon_Studio_Windows_32-6.1.1\configuration\resources\lib\dnsjava-2.1.8.jar;E:\Katalon_Studio_Windows_32-6.1.1\configuration\resources\lib\java-client-5.0.4.jar;E:\Katalon_Studio_Windows_32-6.1.1\configuration\resources\lib\jna-4.1.0.jar;E:\Katalon_Studio_Windows_32-6.1.1\configuration\resources\lib\jna-platform-4.1.0.jar;E:\Katalon_Studio_Windows_32-6.1.1\configuration\resources\lib\jzlib-1.1.3.jar;E:\Katalon_Studio_Windows_32-6.1.1\configuration\resources\lib\kat-server.jar;E:\Katalon_Studio_Windows_32-6.1.1\configuration\resources\lib\littleproxy-1.1.0-beta-bmp-17.jar;E:\Katalon_Studio_Windows_32-6.1.1\configuration\resources\lib\mitm-2.1.5.jar;E:\Katalon_Studio_Windows_32-6.1.1\configuration\resources\lib\netty-all-4.0.51.Final.jar;E:\Katalon_Studio_Windows_32-6.1.1\configuration\resources\lib\repackaged-guava-19.0.jar;E:\Katalon_Studio_Windows_32-6.1.1\configuration\resources\lib\repackaged-sikuli-api-1.0.2-standalone.jar;E:\Katalon_Studio_Windows_32-6.1.1\configuration\resources\lib\selenium-leg-rc-3.7.0.jar;E:\Katalon_Studio_Windows_32-6.1.1\configuration\resources\lib\selenium-server-standalone-3.7.1.jar;E:\Katalon_Studio_Windows_32-6.1.1\configuration\resources\lib\testng-6.11.jar;E:\Katalon_Studio_Windows_32-6.1.1\plugins\net.sf.supercsv.super-csv_2.1.0.jar;E:\Katalon_Studio_Windows_32-6.1.1\plugins\org.apache.poi_3.9.0.v201405241750.jar;E:\Katalon_Studio_Windows_32-6.1.1\plugins\
Launcher Type: SUN_STANDARD

Environment Variables:
PATH=E:/Katalon_Studio_Windows_32-6.1.1/jre/bin/client;E:/Katalon_Studio_Windows_32-6.1.1/jre/bin;E:/Katalon_Studio_Windows_32-6.1.1/jre/lib/i386;C:\Program Files (x86)\Common Files\Oracle\Java\javapath;C:\WINDOWS\system32;C:\WINDOWS;C:\WINDOWS\System32\Wbem;C:\WINDOWS\System32\WindowsPowerShell\v1.0\;C:\WINDOWS\System32\OpenSSH\;C:\Program Files\Git\cmd;C:\Users\Abhishekkumar.AzureAD\AppData\Local\Microsoft\WindowsApps;;E:\Katalon_Studio_Windows_32-6.1.1;
USERNAME=Abhishekkumar
OS=Windows_NT
PROCESSOR_IDENTIFIER=Intel64 Family 6 Model 78 Stepping 3, GenuineIntel



---------------  S Y S T E M  ---------------

OS: Windows 10.0 , 64 bit Build 18362 (10.0.18362.86)

CPU:total 4 (initial active 4) (2 cores per cpu, 2 threads per core) family 6 model 78 stepping 3, cmov, cx8, fxsr, mmx, sse, sse2, sse3, ssse3, sse4.1, sse4.2, popcnt, avx, avx2, aes, clmul, erms, 3dnowpref, lzcnt, ht, tsc, tscinvbit, bmi1, bmi2, adx

Memory: 4k page, physical 11984568k(7442604k free), swap 14474936k(9521484k free)

vm_info: Java HotSpot(TM) Client VM (25.181-b13) for windows-x86 JRE (1.8.0_181-b13), built on Jul  7 2018 03:18:20 by "java_re" with MS VC++ 10.0 (VS2010)

time: Tue Jul 02 19:39:49 2019
elapsed time: 8 seconds (0d 0h 0m 8s)

