<?xml version="1.0" encoding="UTF-8" standalone="no"?>
<!DOCTYPE log SYSTEM "logger.dtd">
<log>
<record>
  <date>2019-04-09T18:27:39</date>
  <millis>1554814659297</millis>
  <sequence>0</sequence>
  <level>START</level>
  <class>com.kms.katalon.core.logging.XmlKeywordLogger</class>
  <method>startSuite</method>
  <thread>1</thread>
  <message>Start Test Suite : Test Suites/TrialFullAccess1To5YearsSuite/USBuildingTrialFullAccess1To5YearsSuite</message>
  <nestedLevel>0</nestedLevel>
  <property name="name">USBuildingTrialFullAccess1To5YearsSuite</property>
  <property name="description"></property>
  <property name="id">Test Suites/TrialFullAccess1To5YearsSuite/USBuildingTrialFullAccess1To5YearsSuite</property>
</record>
<record>
  <date>2019-04-09T18:27:39</date>
  <millis>1554814659318</millis>
  <sequence>1</sequence>
  <level>RUN_DATA</level>
  <class>com.kms.katalon.core.logging.XmlKeywordLogger</class>
  <method>logMessage</method>
  <thread>1</thread>
  <message>hostName = Lenovo - abhi47</message>
  <nestedLevel>0</nestedLevel>
  <property name="hostName">Lenovo - abhi47</property>
</record>
<record>
  <date>2019-04-09T18:27:39</date>
  <millis>1554814659321</millis>
  <sequence>2</sequence>
  <level>RUN_DATA</level>
  <class>com.kms.katalon.core.logging.XmlKeywordLogger</class>
  <method>logMessage</method>
  <thread>1</thread>
  <message>os = Windows 10 64bit</message>
  <nestedLevel>0</nestedLevel>
  <property name="os">Windows 10 64bit</property>
</record>
<record>
  <date>2019-04-09T18:27:39</date>
  <millis>1554814659322</millis>
  <sequence>3</sequence>
  <level>RUN_DATA</level>
  <class>com.kms.katalon.core.logging.XmlKeywordLogger</class>
  <method>logMessage</method>
  <thread>1</thread>
  <message>hostAddress = 172.18.0.227</message>
  <nestedLevel>0</nestedLevel>
  <property name="hostAddress">172.18.0.227</property>
</record>
<record>
  <date>2019-04-09T18:27:39</date>
  <millis>1554814659322</millis>
  <sequence>4</sequence>
  <level>RUN_DATA</level>
  <class>com.kms.katalon.core.logging.XmlKeywordLogger</class>
  <method>logMessage</method>
  <thread>1</thread>
  <message>katalonVersion = 6.1.1.1</message>
  <nestedLevel>0</nestedLevel>
  <property name="katalonVersion">6.1.1.1</property>
</record>
<record>
  <date>2019-04-09T18:27:42</date>
  <millis>1554814662885</millis>
  <sequence>5</sequence>
  <level>START</level>
  <class>com.kms.katalon.core.logging.XmlKeywordLogger</class>
  <method>startKeyword</method>
  <thread>1</thread>
  <message>Start listener action : beforeTestSuiteListener</message>
  <nestedLevel>0</nestedLevel>
</record>
<record>
  <date>2019-04-09T18:27:42</date>
  <millis>1554814662927</millis>
  <sequence>7</sequence>
  <level>START</level>
  <class>com.kms.katalon.core.logging.XmlKeywordLogger</class>
  <method>startKeyword</method>
  <thread>1</thread>
  <message>Start action : println(\&amp;quot;This is before Test Suit\&amp;quot;)</message>
  <nestedLevel>1</nestedLevel>
  <property name="startLine">47</property>
  <property name="stepIndex">1</property>
</record>
<record>
  <date>2019-04-09T18:27:42</date>
  <millis>1554814662928</millis>
  <sequence>8</sequence>
  <level>END</level>
  <class>com.kms.katalon.core.logging.XmlKeywordLogger</class>
  <method>endKeyword</method>
  <thread>1</thread>
  <message>End action : println(\&amp;quot;This is before Test Suit\&amp;quot;)</message>
  <nestedLevel>1</nestedLevel>
</record>
<record>
  <date>2019-04-09T18:27:42</date>
  <millis>1554814662928</millis>
  <sequence>9</sequence>
  <level>START</level>
  <class>com.kms.katalon.core.logging.XmlKeywordLogger</class>
  <method>startKeyword</method>
  <thread>1</thread>
  <message>Start action : println(\&amp;quot;Before Test Suite Listener : \&amp;quot; + testSuite.getTestSuiteId())</message>
  <nestedLevel>1</nestedLevel>
  <property name="startLine">48</property>
  <property name="stepIndex">2</property>
</record>
<record>
  <date>2019-04-09T18:27:42</date>
  <millis>1554814662954</millis>
  <sequence>10</sequence>
  <level>END</level>
  <class>com.kms.katalon.core.logging.XmlKeywordLogger</class>
  <method>endKeyword</method>
  <thread>1</thread>
  <message>End action : println(\&amp;quot;Before Test Suite Listener : \&amp;quot; + testSuite.getTestSuiteId())</message>
  <nestedLevel>1</nestedLevel>
</record>
<record>
  <date>2019-04-09T18:27:42</date>
  <millis>1554814662955</millis>
  <sequence>11</sequence>
  <level>START</level>
  <class>com.kms.katalon.core.logging.XmlKeywordLogger</class>
  <method>startKeyword</method>
  <thread>1</thread>
  <message>Start action : markWarning(\&amp;quot;Before Test Suite Listener : \&amp;quot; + testSuite.getTestSuiteId())</message>
  <nestedLevel>1</nestedLevel>
  <property name="startLine">49</property>
  <property name="stepIndex">3</property>
</record>
<record>
  <date>2019-04-09T18:27:42</date>
  <millis>1554814662971</millis>
  <sequence>12</sequence>
  <level>WARNING</level>
  <class>com.kms.katalon.core.logging.XmlKeywordLogger</class>
  <method>logMessage</method>
  <thread>1</thread>
  <message>Before Test Suite Listener : Test Suites/TrialFullAccess1To5YearsSuite/USBuildingTrialFullAccess1To5YearsSuite</message>
  <nestedLevel>0</nestedLevel>
</record>
<record>
  <date>2019-04-09T18:27:42</date>
  <millis>1554814662972</millis>
  <sequence>13</sequence>
  <level>END</level>
  <class>com.kms.katalon.core.logging.XmlKeywordLogger</class>
  <method>endKeyword</method>
  <thread>1</thread>
  <message>End action : markWarning(\&amp;quot;Before Test Suite Listener : \&amp;quot; + testSuite.getTestSuiteId())</message>
  <nestedLevel>1</nestedLevel>
</record>
<record>
  <date>2019-04-09T18:27:42</date>
  <millis>1554814662974</millis>
  <sequence>14</sequence>
  <level>START</level>
  <class>com.kms.katalon.core.logging.XmlKeywordLogger</class>
  <method>startKeyword</method>
  <thread>1</thread>
  <message>Start action : log = new com.kms.katalon.core.logging.KeywordLogger()</message>
  <nestedLevel>1</nestedLevel>
  <property name="startLine">50</property>
  <property name="stepIndex">4</property>
</record>
<record>
  <date>2019-04-09T18:27:43</date>
  <millis>1554814663042</millis>
  <sequence>15</sequence>
  <level>END</level>
  <class>com.kms.katalon.core.logging.XmlKeywordLogger</class>
  <method>endKeyword</method>
  <thread>1</thread>
  <message>End action : log = new com.kms.katalon.core.logging.KeywordLogger()</message>
  <nestedLevel>1</nestedLevel>
</record>
<record>
  <date>2019-04-09T18:27:43</date>
  <millis>1554814663043</millis>
  <sequence>16</sequence>
  <level>START</level>
  <class>com.kms.katalon.core.logging.XmlKeywordLogger</class>
  <method>startKeyword</method>
  <thread>1</thread>
  <message>Start action : testSuiteId = getTestSuiteId().split(\&amp;quot;/\&amp;quot;)</message>
  <nestedLevel>1</nestedLevel>
  <property name="startLine">51</property>
  <property name="stepIndex">5</property>
</record>
<record>
  <date>2019-04-09T18:27:43</date>
  <millis>1554814663052</millis>
  <sequence>17</sequence>
  <level>END</level>
  <class>com.kms.katalon.core.logging.XmlKeywordLogger</class>
  <method>endKeyword</method>
  <thread>1</thread>
  <message>End action : testSuiteId = getTestSuiteId().split(\&amp;quot;/\&amp;quot;)</message>
  <nestedLevel>1</nestedLevel>
</record>
<record>
  <date>2019-04-09T18:27:43</date>
  <millis>1554814663062</millis>
  <sequence>18</sequence>
  <level>START</level>
  <class>com.kms.katalon.core.logging.XmlKeywordLogger</class>
  <method>startKeyword</method>
  <thread>1</thread>
  <message>Start action : count = testSuiteId.size()</message>
  <nestedLevel>1</nestedLevel>
  <property name="startLine">52</property>
  <property name="stepIndex">6</property>
</record>
<record>
  <date>2019-04-09T18:27:43</date>
  <millis>1554814663067</millis>
  <sequence>19</sequence>
  <level>END</level>
  <class>com.kms.katalon.core.logging.XmlKeywordLogger</class>
  <method>endKeyword</method>
  <thread>1</thread>
  <message>End action : count = testSuiteId.size()</message>
  <nestedLevel>1</nestedLevel>
</record>
<record>
  <date>2019-04-09T18:27:43</date>
  <millis>1554814663067</millis>
  <sequence>20</sequence>
  <level>START</level>
  <class>com.kms.katalon.core.logging.XmlKeywordLogger</class>
  <method>startKeyword</method>
  <thread>1</thread>
  <message>Start action : println(count)</message>
  <nestedLevel>1</nestedLevel>
  <property name="startLine">53</property>
  <property name="stepIndex">7</property>
</record>
<record>
  <date>2019-04-09T18:27:43</date>
  <millis>1554814663079</millis>
  <sequence>21</sequence>
  <level>END</level>
  <class>com.kms.katalon.core.logging.XmlKeywordLogger</class>
  <method>endKeyword</method>
  <thread>1</thread>
  <message>End action : println(count)</message>
  <nestedLevel>1</nestedLevel>
</record>
<record>
  <date>2019-04-09T18:27:43</date>
  <millis>1554814663080</millis>
  <sequence>22</sequence>
  <level>START</level>
  <class>com.kms.katalon.core.logging.XmlKeywordLogger</class>
  <method>startKeyword</method>
  <thread>1</thread>
  <message>Start action : println(testSuiteId[count - 1])</message>
  <nestedLevel>1</nestedLevel>
  <property name="startLine">54</property>
  <property name="stepIndex">8</property>
</record>
<record>
  <date>2019-04-09T18:27:43</date>
  <millis>1554814663115</millis>
  <sequence>23</sequence>
  <level>END</level>
  <class>com.kms.katalon.core.logging.XmlKeywordLogger</class>
  <method>endKeyword</method>
  <thread>1</thread>
  <message>End action : println(testSuiteId[count - 1])</message>
  <nestedLevel>1</nestedLevel>
</record>
<record>
  <date>2019-04-09T18:27:43</date>
  <millis>1554814663115</millis>
  <sequence>24</sequence>
  <level>START</level>
  <class>com.kms.katalon.core.logging.XmlKeywordLogger</class>
  <method>startKeyword</method>
  <thread>1</thread>
  <message>Start action : Country = testSuiteId[count - 1].substring(0, 2)</message>
  <nestedLevel>1</nestedLevel>
  <property name="startLine">55</property>
  <property name="stepIndex">9</property>
</record>
<record>
  <date>2019-04-09T18:27:43</date>
  <millis>1554814663123</millis>
  <sequence>25</sequence>
  <level>END</level>
  <class>com.kms.katalon.core.logging.XmlKeywordLogger</class>
  <method>endKeyword</method>
  <thread>1</thread>
  <message>End action : Country = testSuiteId[count - 1].substring(0, 2)</message>
  <nestedLevel>1</nestedLevel>
</record>
<record>
  <date>2019-04-09T18:27:43</date>
  <millis>1554814663123</millis>
  <sequence>26</sequence>
  <level>START</level>
  <class>com.kms.katalon.core.logging.XmlKeywordLogger</class>
  <method>startKeyword</method>
  <thread>1</thread>
  <message>Start action : println(Country)</message>
  <nestedLevel>1</nestedLevel>
  <property name="startLine">56</property>
  <property name="stepIndex">10</property>
</record>
<record>
  <date>2019-04-09T18:27:43</date>
  <millis>1554814663124</millis>
  <sequence>27</sequence>
  <level>END</level>
  <class>com.kms.katalon.core.logging.XmlKeywordLogger</class>
  <method>endKeyword</method>
  <thread>1</thread>
  <message>End action : println(Country)</message>
  <nestedLevel>1</nestedLevel>
</record>
<record>
  <date>2019-04-09T18:27:43</date>
  <millis>1554814663125</millis>
  <sequence>28</sequence>
  <level>START</level>
  <class>com.kms.katalon.core.logging.XmlKeywordLogger</class>
  <method>startKeyword</method>
  <thread>1</thread>
  <message>Start action : com.arc.ReusableMethods.ReusableMethodsLogin.loginIntoArcWithGlobalVariable()</message>
  <nestedLevel>1</nestedLevel>
  <property name="startLine">60</property>
  <property name="stepIndex">11</property>
</record>
<record>
  <date>2019-04-09T18:27:44</date>
  <millis>1554814664012</millis>
  <sequence>30</sequence>
  <level>INFO</level>
  <class>com.kms.katalon.core.logging.XmlKeywordLogger</class>
  <method>logMessage</method>
  <thread>1</thread>
  <message>Starting &amp;apos;Firefox&amp;apos; driver</message>
  <nestedLevel>0</nestedLevel>
</record>
<record>
  <date>2019-04-09T18:27:44</date>
  <millis>1554814664131</millis>
  <sequence>31</sequence>
  <level>INFO</level>
  <class>com.kms.katalon.core.logging.XmlKeywordLogger</class>
  <method>logMessage</method>
  <thread>1</thread>
  <message>User set Firefox profile preference: [&amp;apos;browser.download.folderList&amp;apos;, &amp;apos;2&amp;apos;]</message>
  <nestedLevel>0</nestedLevel>
</record>
<record>
  <date>2019-04-09T18:27:44</date>
  <millis>1554814664134</millis>
  <sequence>32</sequence>
  <level>INFO</level>
  <class>com.kms.katalon.core.logging.XmlKeywordLogger</class>
  <method>logMessage</method>
  <thread>1</thread>
  <message>User set Firefox profile preference: [&amp;apos;browser.helperApps.neverAsk.saveToDisk&amp;apos;, &amp;apos;application/msword, application/csv, application/ris, text/csv, image/png, application/pdf, text/html, text/plain, application/zip, application/x-zip, application/x-zip-compressed, application/download, application/octet-stream, application/vnd.ms-excel.sheet.macroEnabled.12, application/vnd.openxmlformats-officedocument.spreadsheetml.sheet&amp;apos;]</message>
  <nestedLevel>0</nestedLevel>
</record>
<record>
  <date>2019-04-09T18:27:44</date>
  <millis>1554814664142</millis>
  <sequence>33</sequence>
  <level>INFO</level>
  <class>com.kms.katalon.core.logging.XmlKeywordLogger</class>
  <method>logMessage</method>
  <thread>1</thread>
  <message>User set Firefox profile preference: [&amp;apos;browser.download.dir&amp;apos;, &amp;apos;/var/lib/jenkins/workspace/KatalonArc/Automation/Download/&amp;apos;]</message>
  <nestedLevel>0</nestedLevel>
</record>
<record>
  <date>2019-04-09T18:27:44</date>
  <millis>1554814664148</millis>
  <sequence>34</sequence>
  <level>INFO</level>
  <class>com.kms.katalon.core.logging.XmlKeywordLogger</class>
  <method>logMessage</method>
  <thread>1</thread>
  <message>User set Firefox profile preference: [&amp;apos;browser.download.useDownloadDir&amp;apos;, &amp;apos;true&amp;apos;]</message>
  <nestedLevel>0</nestedLevel>
</record>
<record>
  <date>2019-04-09T18:27:44</date>
  <millis>1554814664189</millis>
  <sequence>35</sequence>
  <level>INFO</level>
  <class>com.kms.katalon.core.logging.XmlKeywordLogger</class>
  <method>logMessage</method>
  <thread>1</thread>
  <message>User set Firefox profile preference: [&amp;apos;browser.helperApps.alwaysAsk.force&amp;apos;, &amp;apos;false&amp;apos;]</message>
  <nestedLevel>0</nestedLevel>
</record>
<record>
  <date>2019-04-09T18:27:44</date>
  <millis>1554814664189</millis>
  <sequence>36</sequence>
  <level>INFO</level>
  <class>com.kms.katalon.core.logging.XmlKeywordLogger</class>
  <method>logMessage</method>
  <thread>1</thread>
  <message>User set Firefox profile preference: [&amp;apos;browser.download.manager.closeWhenDone&amp;apos;, &amp;apos;true&amp;apos;]</message>
  <nestedLevel>0</nestedLevel>
</record>
<record>
  <date>2019-04-09T18:27:44</date>
  <millis>1554814664189</millis>
  <sequence>37</sequence>
  <level>INFO</level>
  <class>com.kms.katalon.core.logging.XmlKeywordLogger</class>
  <method>logMessage</method>
  <thread>1</thread>
  <message>User set Firefox profile preference: [&amp;apos;browser.download.manager.showAlertOnComplete&amp;apos;, &amp;apos;false&amp;apos;]</message>
  <nestedLevel>0</nestedLevel>
</record>
<record>
  <date>2019-04-09T18:27:44</date>
  <millis>1554814664189</millis>
  <sequence>38</sequence>
  <level>INFO</level>
  <class>com.kms.katalon.core.logging.XmlKeywordLogger</class>
  <method>logMessage</method>
  <thread>1</thread>
  <message>User set Firefox profile preference: [&amp;apos;browser.download.manager.useWindow&amp;apos;, &amp;apos;false&amp;apos;]</message>
  <nestedLevel>0</nestedLevel>
</record>
<record>
  <date>2019-04-09T18:27:44</date>
  <millis>1554814664189</millis>
  <sequence>39</sequence>
  <level>INFO</level>
  <class>com.kms.katalon.core.logging.XmlKeywordLogger</class>
  <method>logMessage</method>
  <thread>1</thread>
  <message>User set Firefox profile preference: [&amp;apos;services.sync.prefs.sync.browser.download.manager.showWhenStarting&amp;apos;, &amp;apos;false&amp;apos;]</message>
  <nestedLevel>0</nestedLevel>
</record>
<record>
  <date>2019-04-09T18:27:44</date>
  <millis>1554814664189</millis>
  <sequence>40</sequence>
  <level>INFO</level>
  <class>com.kms.katalon.core.logging.XmlKeywordLogger</class>
  <method>logMessage</method>
  <thread>1</thread>
  <message>User set Firefox profile preference: [&amp;apos;pdfjs.disabled&amp;apos;, &amp;apos;true&amp;apos;]</message>
  <nestedLevel>0</nestedLevel>
</record>
<record>
  <date>2019-04-09T18:27:44</date>
  <millis>1554814664199</millis>
  <sequence>41</sequence>
  <level>INFO</level>
  <class>com.kms.katalon.core.logging.XmlKeywordLogger</class>
  <method>logMessage</method>
  <thread>1</thread>
  <message>User set Firefox profile preference: [&amp;apos;browser.download.manager.alertOnEXEOpen&amp;apos;, &amp;apos;false&amp;apos;]</message>
  <nestedLevel>0</nestedLevel>
</record>
<record>
  <date>2019-04-09T18:27:44</date>
  <millis>1554814664200</millis>
  <sequence>42</sequence>
  <level>INFO</level>
  <class>com.kms.katalon.core.logging.XmlKeywordLogger</class>
  <method>logMessage</method>
  <thread>1</thread>
  <message>User set Firefox profile preference: [&amp;apos;browser.download.manager.focusWhenStarting&amp;apos;, &amp;apos;false&amp;apos;]</message>
  <nestedLevel>0</nestedLevel>
</record>
<record>
  <date>2019-04-09T18:27:44</date>
  <millis>1554814664200</millis>
  <sequence>43</sequence>
  <level>INFO</level>
  <class>com.kms.katalon.core.logging.XmlKeywordLogger</class>
  <method>logMessage</method>
  <thread>1</thread>
  <message>User set Firefox profile preference: [&amp;apos;browser.helperApps.neverAsk.openFile&amp;apos;, &amp;apos;application/pdf, application/vnd.openxmlformats-officedocument.spreadsheetml.sheet, application/vnd.ms-excel.sheet.macroEnabled.12&amp;apos;]</message>
  <nestedLevel>0</nestedLevel>
</record>
<record>
  <date>2019-04-09T18:27:44</date>
  <millis>1554814664200</millis>
  <sequence>44</sequence>
  <level>INFO</level>
  <class>com.kms.katalon.core.logging.XmlKeywordLogger</class>
  <method>logMessage</method>
  <thread>1</thread>
  <message>User set Firefox profile preference: [&amp;apos;dom.ipc.processCount&amp;apos;, &amp;apos;8&amp;apos;]</message>
  <nestedLevel>0</nestedLevel>
</record>
<record>
  <date>2019-04-09T18:27:44</date>
  <millis>1554814664214</millis>
  <sequence>45</sequence>
  <level>INFO</level>
  <class>com.kms.katalon.core.logging.XmlKeywordLogger</class>
  <method>logMessage</method>
  <thread>1</thread>
  <message>User set preference: [&amp;apos;moz:webdriverClick&amp;apos;, &amp;apos;false&amp;apos;]</message>
  <nestedLevel>0</nestedLevel>
</record>
<record>
  <date>2019-04-09T18:27:44</date>
  <millis>1554814664214</millis>
  <sequence>46</sequence>
  <level>INFO</level>
  <class>com.kms.katalon.core.logging.XmlKeywordLogger</class>
  <method>logMessage</method>
  <thread>1</thread>
  <message>Action delay is set to 0 seconds</message>
  <nestedLevel>0</nestedLevel>
</record>
<record>
  <date>2019-04-09T18:27:56</date>
  <millis>1554814676505</millis>
  <sequence>48</sequence>
  <level>RUN_DATA</level>
  <class>com.kms.katalon.core.logging.XmlKeywordLogger</class>
  <method>logMessage</method>
  <thread>1</thread>
  <message>sessionId = 81b1853a-da5c-4240-89fe-10ba588cba59</message>
  <nestedLevel>0</nestedLevel>
  <property name="sessionId">81b1853a-da5c-4240-89fe-10ba588cba59</property>
</record>
<record>
  <date>2019-04-09T18:27:56</date>
  <millis>1554814676531</millis>
  <sequence>49</sequence>
  <level>RUN_DATA</level>
  <class>com.kms.katalon.core.logging.XmlKeywordLogger</class>
  <method>logMessage</method>
  <thread>1</thread>
  <message>browser = Firefox 62.0</message>
  <nestedLevel>0</nestedLevel>
  <property name="browser">Firefox 62.0</property>
</record>
<record>
  <date>2019-04-09T18:27:56</date>
  <millis>1554814676531</millis>
  <sequence>50</sequence>
  <level>RUN_DATA</level>
  <class>com.kms.katalon.core.logging.XmlKeywordLogger</class>
  <method>logMessage</method>
  <thread>1</thread>
  <message>platform = Windows 10</message>
  <nestedLevel>0</nestedLevel>
  <property name="platform">Windows 10</property>
</record>
<record>
  <date>2019-04-09T18:27:56</date>
  <millis>1554814676535</millis>
  <sequence>51</sequence>
  <level>RUN_DATA</level>
  <class>com.kms.katalon.core.logging.XmlKeywordLogger</class>
  <method>logMessage</method>
  <thread>1</thread>
  <message>seleniumVersion = 3.7.1</message>
  <nestedLevel>0</nestedLevel>
  <property name="seleniumVersion">3.7.1</property>
</record>
<record>
  <date>2019-04-09T18:27:56</date>
  <millis>1554814676541</millis>
  <sequence>52</sequence>
  <level>RUN_DATA</level>
  <class>com.kms.katalon.core.logging.XmlKeywordLogger</class>
  <method>logMessage</method>
  <thread>1</thread>
  <message>proxyInformation = ProxyInformation{proxyOption=NO_PROXY, proxyServerType=HTTP, password=, proxyServerAddress=, proxyServerPort=0}</message>
  <nestedLevel>0</nestedLevel>
  <property name="proxyInformation">ProxyInformation{proxyOption=NO_PROXY, proxyServerType=HTTP, password=, proxyServerAddress=, proxyServerPort=0}</property>
</record>
<record>
  <date>2019-04-09T18:27:56</date>
  <millis>1554814676541</millis>
  <sequence>53</sequence>
  <level>PASSED</level>
  <class>com.kms.katalon.core.logging.XmlKeywordLogger</class>
  <method>logMessage</method>
  <thread>1</thread>
  <message>Browser is opened with url: &amp;apos;&amp;apos;</message>
  <nestedLevel>0</nestedLevel>
</record>
<record>
  <date>2019-04-09T18:28:00</date>
  <millis>1554814680117</millis>
  <sequence>55</sequence>
  <level>PASSED</level>
  <class>com.kms.katalon.core.logging.XmlKeywordLogger</class>
  <method>logMessage</method>
  <thread>1</thread>
  <message>Current window maximized</message>
  <nestedLevel>0</nestedLevel>
</record>
<record>
  <date>2019-04-09T18:28:00</date>
  <millis>1554814680238</millis>
  <sequence>57</sequence>
  <level>PASSED</level>
  <class>com.kms.katalon.core.logging.XmlKeywordLogger</class>
  <method>logMessage</method>
  <thread>1</thread>
  <message>Wait for page load successfully</message>
  <nestedLevel>0</nestedLevel>
</record>
<record>
  <date>2019-04-09T18:28:14</date>
  <millis>1554814694606</millis>
  <sequence>60</sequence>
  <level>PASSED</level>
  <class>com.kms.katalon.core.logging.XmlKeywordLogger</class>
  <method>logMessage</method>
  <thread>1</thread>
  <message>Navigate to &amp;apos;http://www.stg.arconline.io/&amp;apos; successfully</message>
  <nestedLevel>0</nestedLevel>
</record>
<record>
  <date>2019-04-09T18:28:15</date>
  <millis>1554814695010</millis>
  <sequence>67</sequence>
  <level>PASSED</level>
  <class>com.kms.katalon.core.logging.XmlKeywordLogger</class>
  <method>logMessage</method>
  <thread>1</thread>
  <message>Object: &amp;apos;Object Repository/LoginArc/Page_Arc Skoru  Sustainability perf/button_ACCEPT AND CLOSE&amp;apos; is clicked on</message>
  <nestedLevel>0</nestedLevel>
</record>
<record>
  <date>2019-04-09T18:28:15</date>
  <millis>1554814695290</millis>
  <sequence>74</sequence>
  <level>PASSED</level>
  <class>com.kms.katalon.core.logging.XmlKeywordLogger</class>
  <method>logMessage</method>
  <thread>1</thread>
  <message>Object: &amp;apos;Object Repository/LoginArc/Page_Arc Skoru  Sustainability perf/clickOnLogin&amp;apos; is clicked on</message>
  <nestedLevel>0</nestedLevel>
</record>
<record>
  <date>2019-04-09T18:28:17</date>
  <millis>1554814697324</millis>
  <sequence>76</sequence>
  <level>PASSED</level>
  <class>com.kms.katalon.core.logging.XmlKeywordLogger</class>
  <method>logMessage</method>
  <thread>1</thread>
  <message>Delayed 2 second(s)</message>
  <nestedLevel>0</nestedLevel>
</record>
<record>
  <date>2019-04-09T18:28:17</date>
  <millis>1554814697455</millis>
  <sequence>82</sequence>
  <level>PASSED</level>
  <class>com.kms.katalon.core.logging.XmlKeywordLogger</class>
  <method>logMessage</method>
  <thread>1</thread>
  <message>Keys &amp;apos;Saurav@groupten.com&amp;apos; sent to object: &amp;apos;Object Repository/LoginArc/Page_Arc Skoru  Sustainability perf/input__name&amp;apos;</message>
  <nestedLevel>0</nestedLevel>
</record>
<record>
  <date>2019-04-09T18:28:17</date>
  <millis>1554814697537</millis>
  <sequence>88</sequence>
  <level>PASSED</level>
  <class>com.kms.katalon.core.logging.XmlKeywordLogger</class>
  <method>logMessage</method>
  <thread>1</thread>
  <message>Keys &amp;apos;LEEDg10&amp;apos; sent to object: &amp;apos;Object Repository/LoginArc/Page_Arc Skoru  Sustainability perf/input__pass&amp;apos;</message>
  <nestedLevel>0</nestedLevel>
</record>
<record>
  <date>2019-04-09T18:28:17</date>
  <millis>1554814697791</millis>
  <sequence>95</sequence>
  <level>PASSED</level>
  <class>com.kms.katalon.core.logging.XmlKeywordLogger</class>
  <method>logMessage</method>
  <thread>1</thread>
  <message>Object: &amp;apos;Object Repository/LoginArc/Page_Arc Skoru  Sustainability perf/input_Forgot Password_field_po&amp;apos; is clicked on</message>
  <nestedLevel>0</nestedLevel>
</record>
<record>
  <date>2019-04-09T18:28:19</date>
  <millis>1554814699795</millis>
  <sequence>97</sequence>
  <level>PASSED</level>
  <class>com.kms.katalon.core.logging.XmlKeywordLogger</class>
  <method>logMessage</method>
  <thread>1</thread>
  <message>Delayed 2 second(s)</message>
  <nestedLevel>0</nestedLevel>
</record>
<record>
  <date>2019-04-09T18:28:25</date>
  <millis>1554814705105</millis>
  <sequence>104</sequence>
  <level>PASSED</level>
  <class>com.kms.katalon.core.logging.XmlKeywordLogger</class>
  <method>logMessage</method>
  <thread>1</thread>
  <message>Object: &amp;apos;Object Repository/LoginArc/Page_Arc Skoru  Sustainability perf/button_Log in&amp;apos; is clicked on</message>
  <nestedLevel>0</nestedLevel>
</record>
<record>
  <date>2019-04-09T18:28:25</date>
  <millis>1554814705442</millis>
  <sequence>107</sequence>
  <level>PASSED</level>
  <class>com.kms.katalon.core.logging.XmlKeywordLogger</class>
  <method>logMessage</method>
  <thread>1</thread>
  <message>Viewport is set to new size with width = 1366 and height = 1280</message>
  <nestedLevel>0</nestedLevel>
</record>
